0 info it worked if it ends with ok
1 verbose cli [ '/usr/bin/node', '/usr/bin/npm', 'run', 'dev-server' ]
2 info using npm@3.5.2
3 info using node@v8.10.0
4 verbose run-script [ 'predev-server', 'dev-server', 'postdev-server' ]
5 info lifecycle @~predev-server: @
6 silly lifecycle @~predev-server: no script for predev-server, continuing
7 info lifecycle @~dev-server: @
8 verbose lifecycle @~dev-server: unsafe-perm in lifecycle true
9 verbose lifecycle @~dev-server: PATH: /usr/share/npm/bin/node-gyp-bin:/web/immosymfony.web/node_modules/.bin:/usr/local/sbin:/usr/local/bin:/usr/sbin:/usr/bin:/sbin:/bin:/usr/games:/usr/local/games:/snap/bin
10 verbose lifecycle @~dev-server: CWD: /web/immosymfony.web
11 silly lifecycle @~dev-server: Args: [ '-c',
11 silly lifecycle   'encore dev-server --host immosymfony.web --port 8080 --allowed-hosts immosymfony.web --disable-host-check' ]
12 silly lifecycle @~dev-server: Returned: code: 1  signal: null
13 info lifecycle @~dev-server: Failed to exec dev-server script
14 verbose stack Error: @ dev-server: `encore dev-server --host immosymfony.web --port 8080 --allowed-hosts immosymfony.web --disable-host-check`
14 verbose stack Exit status 1
14 verbose stack     at EventEmitter.<anonymous> (/usr/share/npm/lib/utils/lifecycle.js:232:16)
14 verbose stack     at emitTwo (events.js:126:13)
14 verbose stack     at EventEmitter.emit (events.js:214:7)
14 verbose stack     at ChildProcess.<anonymous> (/usr/share/npm/lib/utils/spawn.js:24:14)
14 verbose stack     at emitTwo (events.js:126:13)
14 verbose stack     at ChildProcess.emit (events.js:214:7)
14 verbose stack     at maybeClose (internal/child_process.js:925:16)
14 verbose stack     at Process.ChildProcess._handle.onexit (internal/child_process.js:209:5)
15 verbose pkgid @
16 verbose cwd /web/immosymfony.web
17 error Linux 4.15.0-43-generic
18 error argv "/usr/bin/node" "/usr/bin/npm" "run" "dev-server"
19 error node v8.10.0
20 error npm  v3.5.2
21 error code ELIFECYCLE
22 error @ dev-server: `encore dev-server --host immosymfony.web --port 8080 --allowed-hosts immosymfony.web --disable-host-check`
22 error Exit status 1
23 error Failed at the @ dev-server script 'encore dev-server --host immosymfony.web --port 8080 --allowed-hosts immosymfony.web --disable-host-check'.
23 error Make sure you have the latest version of node.js and npm installed.
23 error If you do, this is most likely a problem with the  package,
23 error not with npm itself.
23 error Tell the author that this fails on your system:
23 error     encore dev-server --host immosymfony.web --port 8080 --allowed-hosts immosymfony.web --disable-host-check
23 error You can get information on how to open an issue for this project with:
23 error     npm bugs
23 error Or if that isn't available, you can get their info via:
23 error     npm owner ls
23 error There is likely additional logging output above.
24 verbose exit [ 1, true ]
